TN:
SF:/Users/briuin/Documents/Tutorials/Front-End/Session4/vue/src/components/IdeaBoard.vue
FN:22,(anonymous_0)
FN:24,(anonymous_1)
FN:29,(anonymous_2)
FN:32,(anonymous_3)
FN:36,(anonymous_4)
FN:38,(anonymous_5)
FN:41,(anonymous_6)
FNF:7
FNH:1
FNDA:1,(anonymous_0)
FNDA:0,(anonymous_1)
FNDA:0,(anonymous_2)
FNDA:0,(anonymous_3)
FNDA:0,(anonymous_4)
FNDA:0,(anonymous_5)
FNDA:0,(anonymous_6)
DA:17,1
DA:23,1
DA:25,0
DA:33,0
DA:34,0
DA:35,0
DA:37,0
DA:38,0
DA:39,0
DA:40,0
DA:41,0
LF:11
LH:2
BRF:0
BRH:0
end_of_record
TN:
SF:/Users/briuin/Documents/Tutorials/Front-End/Session4/vue/src/components/Idea.vue
FN:22,(anonymous_0)
FN:28,(anonymous_1)
FN:31,(anonymous_2)
FN:34,(anonymous_3)
FN:39,(anonymous_4)
FN:41,(anonymous_5)
FNF:6
FNH:0
FNDA:0,(anonymous_0)
FNDA:0,(anonymous_1)
FNDA:0,(anonymous_2)
FNDA:0,(anonymous_3)
FNDA:0,(anonymous_4)
FNDA:0,(anonymous_5)
DA:23,0
DA:29,0
DA:32,0
DA:35,0
DA:40,0
DA:42,0
LF:6
LH:0
BRDA:29,0,0,0
BRDA:29,0,1,0
BRF:2
BRH:0
end_of_record
TN:
SF:/Users/briuin/Documents/Tutorials/Front-End/Session4/vue/src/js/ideaStarter.js
FN:10,(anonymous_0)
FN:13,(anonymous_1)
FN:17,(anonymous_2)
FN:20,(anonymous_3)
FN:26,(anonymous_4)
FN:29,(anonymous_5)
FN:33,(anonymous_6)
FN:45,(anonymous_7)
FN:51,(anonymous_8)
FN:54,(anonymous_9)
FN:57,(anonymous_10)
FN:59,(anonymous_11)
FN:65,(anonymous_12)
FNF:13
FNH:2
FNDA:1,(anonymous_0)
FNDA:1,(anonymous_1)
FNDA:0,(anonymous_2)
FNDA:0,(anonymous_3)
FNDA:0,(anonymous_4)
FNDA:0,(anonymous_5)
FNDA:0,(anonymous_6)
FNDA:0,(anonymous_7)
FNDA:0,(anonymous_8)
FNDA:0,(anonymous_9)
FNDA:0,(anonymous_10)
FNDA:0,(anonymous_11)
FNDA:0,(anonymous_12)
DA:4,1
DA:11,1
DA:13,1
DA:14,1
DA:15,1
DA:17,0
DA:18,0
DA:19,0
DA:21,0
DA:27,0
DA:29,0
DA:30,0
DA:34,0
DA:44,0
DA:46,0
DA:52,0
DA:54,0
DA:55,0
DA:58,0
DA:60,0
LF:20
LH:5
BRF:0
BRH:0
end_of_record
TN:
SF:/Users/briuin/Documents/Tutorials/Front-End/Session4/vue/src/router/index.js
FNF:0
FNH:0
DA:6,1
LF:1
LH:1
BRF:0
BRH:0
end_of_record
TN:
SF:/Users/briuin/Documents/Tutorials/Front-End/Session4/vue/src/components/FullVersion.vue
FN:62,(anonymous_0)
FN:66,(anonymous_1)
FN:68,(anonymous_2)
FN:75,(anonymous_3)
FN:78,(anonymous_4)
FN:79,(anonymous_5)
FN:83,(anonymous_6)
FN:85,(anonymous_7)
FN:90,(anonymous_8)
FN:93,(anonymous_9)
FN:95,(anonymous_10)
FN:102,(anonymous_11)
FN:105,(anonymous_12)
FN:107,(anonymous_13)
FN:110,(anonymous_14)
FN:115,(anonymous_15)
FN:120,(anonymous_16)
FN:122,(anonymous_17)
FNF:18
FNH:0
FNDA:0,(anonymous_0)
FNDA:0,(anonymous_1)
FNDA:0,(anonymous_2)
FNDA:0,(anonymous_3)
FNDA:0,(anonymous_4)
FNDA:0,(anonymous_5)
FNDA:0,(anonymous_6)
FNDA:0,(anonymous_7)
FNDA:0,(anonymous_8)
FNDA:0,(anonymous_9)
FNDA:0,(anonymous_10)
FNDA:0,(anonymous_11)
FNDA:0,(anonymous_12)
FNDA:0,(anonymous_13)
FNDA:0,(anonymous_14)
FNDA:0,(anonymous_15)
FNDA:0,(anonymous_16)
FNDA:0,(anonymous_17)
DA:49,0
DA:63,0
DA:67,0
DA:69,0
DA:70,0
DA:71,0
DA:76,0
DA:77,0
DA:78,0
DA:79,0
DA:80,0
DA:84,0
DA:86,0
DA:87,0
DA:91,0
DA:92,0
DA:94,0
DA:95,0
DA:96,0
DA:97,0
DA:103,0
DA:104,0
DA:106,0
DA:107,0
DA:108,0
DA:109,0
DA:110,0
DA:116,0
DA:117,0
DA:121,0
DA:123,0
LF:31
LH:0
BRDA:77,0,0,0
BRDA:77,0,1,0
BRDA:116,1,0,0
BRDA:116,1,1,0
BRF:4
BRH:0
end_of_record
TN:
SF:/Users/briuin/Documents/Tutorials/Front-End/Session4/vue/src/js/ideaStarterFullVersion.js
FN:10,(anonymous_0)
FN:13,(anonymous_1)
FN:17,(anonymous_2)
FN:20,(anonymous_3)
FN:26,(anonymous_4)
FN:29,(anonymous_5)
FN:32,(anonymous_6)
FN:34,(anonymous_7)
FN:40,(anonymous_8)
FN:43,(anonymous_9)
FN:48,(anonymous_10)
FN:50,(anonymous_11)
FN:56,(anonymous_12)
FN:59,(anonymous_13)
FN:63,(anonymous_14)
FN:75,(anonymous_15)
FN:81,(anonymous_16)
FN:84,(anonymous_17)
FN:87,(anonymous_18)
FN:89,(anonymous_19)
FN:95,(anonymous_20)
FN:98,(anonymous_21)
FN:105,(anonymous_22)
FN:107,(anonymous_23)
FN:113,(anonymous_24)
FN:116,(anonymous_25)
FN:119,(anonymous_26)
FN:121,(anonymous_27)
FN:127,(anonymous_28)
FN:130,(anonymous_29)
FN:134,(anonymous_30)
FN:140,(anonymous_31)
FN:146,(anonymous_32)
FN:149,(anonymous_33)
FN:153,(anonymous_34)
FN:155,(anonymous_35)
FNF:36
FNH:0
FNDA:0,(anonymous_0)
FNDA:0,(anonymous_1)
FNDA:0,(anonymous_2)
FNDA:0,(anonymous_3)
FNDA:0,(anonymous_4)
FNDA:0,(anonymous_5)
FNDA:0,(anonymous_6)
FNDA:0,(anonymous_7)
FNDA:0,(anonymous_8)
FNDA:0,(anonymous_9)
FNDA:0,(anonymous_10)
FNDA:0,(anonymous_11)
FNDA:0,(anonymous_12)
FNDA:0,(anonymous_13)
FNDA:0,(anonymous_14)
FNDA:0,(anonymous_15)
FNDA:0,(anonymous_16)
FNDA:0,(anonymous_17)
FNDA:0,(anonymous_18)
FNDA:0,(anonymous_19)
FNDA:0,(anonymous_20)
FNDA:0,(anonymous_21)
FNDA:0,(anonymous_22)
FNDA:0,(anonymous_23)
FNDA:0,(anonymous_24)
FNDA:0,(anonymous_25)
FNDA:0,(anonymous_26)
FNDA:0,(anonymous_27)
FNDA:0,(anonymous_28)
FNDA:0,(anonymous_29)
FNDA:0,(anonymous_30)
FNDA:0,(anonymous_31)
FNDA:0,(anonymous_32)
FNDA:0,(anonymous_33)
FNDA:0,(anonymous_34)
FNDA:0,(anonymous_35)
DA:4,1
DA:11,0
DA:13,0
DA:14,0
DA:15,0
DA:17,0
DA:18,0
DA:19,0
DA:21,0
DA:27,0
DA:29,0
DA:30,0
DA:33,0
DA:35,0
DA:41,0
DA:43,0
DA:44,0
DA:49,0
DA:51,0
DA:57,0
DA:59,0
DA:60,0
DA:64,0
DA:74,0
DA:76,0
DA:82,0
DA:84,0
DA:85,0
DA:88,0
DA:90,0
DA:96,0
DA:98,0
DA:99,0
DA:106,0
DA:108,0
DA:114,0
DA:116,0
DA:117,0
DA:120,0
DA:122,0
DA:128,0
DA:130,0
DA:131,0
DA:135,0
DA:139,0
DA:141,0
DA:147,0
DA:149,0
DA:150,0
DA:154,0
DA:156,0
LF:51
LH:1
BRF:0
BRH:0
end_of_record
TN:
SF:/Users/briuin/Documents/Tutorials/Front-End/Session4/vue/src/App.vue
FNF:0
FNH:0
LF:0
LH:0
BRF:0
BRH:0
end_of_record
